<?xml version="1.0" encoding="UTF-8"?>
<testsuite xmlns:xsi="http://www.w3.org/2001/XMLSchema-instance" xsi:noNamespaceSchemaLocation="https://maven.apache.org/surefire/maven-surefire-plugin/xsd/surefire-test-report.xsd" name="com.epam.rd.autotasks.triangle.TriangleTest" time="0.094" tests="32" errors="0" skipped="0" failures="0">
  <properties>
    <property name="java.specification.version" value="19"/>
    <property name="sun.cpu.isalist" value="amd64"/>
    <property name="sun.jnu.encoding" value="Cp1252"/>
    <property name="java.class.path" value="C:\Users\pratik singh\triangle\target\test-classes;C:\Users\pratik singh\triangle\target\classes;C:\Users\pratik singh\.m2\repository\org\junit\jupiter\junit-jupiter-engine\5.6.2\junit-jupiter-engine-5.6.2.jar;C:\Users\pratik singh\.m2\repository\org\apiguardian\apiguardian-api\1.1.0\apiguardian-api-1.1.0.jar;C:\Users\pratik singh\.m2\repository\org\junit\platform\junit-platform-engine\1.6.2\junit-platform-engine-1.6.2.jar;C:\Users\pratik singh\.m2\repository\org\junit\jupiter\junit-jupiter-api\5.6.2\junit-jupiter-api-5.6.2.jar;C:\Users\pratik singh\.m2\repository\org\opentest4j\opentest4j\1.2.0\opentest4j-1.2.0.jar;C:\Users\pratik singh\.m2\repository\org\junit\platform\junit-platform-commons\1.6.2\junit-platform-commons-1.6.2.jar;C:\Users\pratik singh\.m2\repository\org\junit\jupiter\junit-jupiter-params\5.6.2\junit-jupiter-params-5.6.2.jar;"/>
    <property name="java.vm.vendor" value="Oracle Corporation"/>
    <property name="sun.arch.data.model" value="64"/>
    <property name="user.variant" value=""/>
    <property name="java.vendor.url" value="https://java.oracle.com/"/>
    <property name="user.timezone" value="Asia/Calcutta"/>
    <property name="os.name" value="Windows 10"/>
    <property name="java.vm.specification.version" value="19"/>
    <property name="sun.java.launcher" value="SUN_STANDARD"/>
    <property name="user.country" value="US"/>
    <property name="sun.boot.library.path" value="C:\Users\pratik singh\.jdks\openjdk-19.0.2\bin"/>
    <property name="sun.java.command" value="C:\Users\PRATIK~1\AppData\Local\Temp\surefire17255376645961569239\surefirebooter15261000057817034359.jar C:\Users\pratik singh\AppData\Local\Temp\surefire17255376645961569239 2023-02-12T23-29-02_502-jvmRun1 surefire5548278908381340810tmp surefire_09618333218026731626tmp"/>
    <property name="jdk.debug" value="release"/>
    <property name="surefire.test.class.path" value="C:\Users\pratik singh\triangle\target\test-classes;C:\Users\pratik singh\triangle\target\classes;C:\Users\pratik singh\.m2\repository\org\junit\jupiter\junit-jupiter-engine\5.6.2\junit-jupiter-engine-5.6.2.jar;C:\Users\pratik singh\.m2\repository\org\apiguardian\apiguardian-api\1.1.0\apiguardian-api-1.1.0.jar;C:\Users\pratik singh\.m2\repository\org\junit\platform\junit-platform-engine\1.6.2\junit-platform-engine-1.6.2.jar;C:\Users\pratik singh\.m2\repository\org\junit\jupiter\junit-jupiter-api\5.6.2\junit-jupiter-api-5.6.2.jar;C:\Users\pratik singh\.m2\repository\org\opentest4j\opentest4j\1.2.0\opentest4j-1.2.0.jar;C:\Users\pratik singh\.m2\repository\org\junit\platform\junit-platform-commons\1.6.2\junit-platform-commons-1.6.2.jar;C:\Users\pratik singh\.m2\repository\org\junit\jupiter\junit-jupiter-params\5.6.2\junit-jupiter-params-5.6.2.jar;"/>
    <property name="sun.cpu.endian" value="little"/>
    <property name="user.home" value="C:\Users\pratik singh"/>
    <property name="user.language" value="en"/>
    <property name="java.specification.vendor" value="Oracle Corporation"/>
    <property name="java.version.date" value="2023-01-17"/>
    <property name="java.home" value="C:\Users\pratik singh\.jdks\openjdk-19.0.2"/>
    <property name="file.separator" value="\"/>
    <property name="basedir" value="C:\Users\pratik singh\triangle"/>
    <property name="java.vm.compressedOopsMode" value="32-bit"/>
    <property name="line.separator" value="&#10;"/>
    <property name="java.vm.specification.vendor" value="Oracle Corporation"/>
    <property name="java.specification.name" value="Java Platform API Specification"/>
    <property name="surefire.real.class.path" value="C:\Users\PRATIK~1\AppData\Local\Temp\surefire17255376645961569239\surefirebooter15261000057817034359.jar"/>
    <property name="user.script" value=""/>
    <property name="sun.management.compiler" value="HotSpot 64-Bit Tiered Compilers"/>
    <property name="java.runtime.version" value="19.0.2+7-44"/>
    <property name="user.name" value="prateek singh"/>
    <property name="stdout.encoding" value="Cp1252"/>
    <property name="path.separator" value=";"/>
    <property name="os.version" value="10.0"/>
    <property name="java.runtime.name" value="OpenJDK Runtime Environment"/>
    <property name="file.encoding" value="UTF-8"/>
    <property name="java.vm.name" value="OpenJDK 64-Bit Server VM"/>
    <property name="localRepository" value="C:\Users\pratik singh\.m2\repository"/>
    <property name="java.vendor.url.bug" value="https://bugreport.java.com/bugreport/"/>
    <property name="java.io.tmpdir" value="C:\Users\PRATIK~1\AppData\Local\Temp\"/>
    <property name="idea.version" value="2022.3.2"/>
    <property name="java.version" value="19.0.2"/>
    <property name="user.dir" value="C:\Users\pratik singh\triangle"/>
    <property name="os.arch" value="amd64"/>
    <property name="java.vm.specification.name" value="Java Virtual Machine Specification"/>
    <property name="sun.os.patch.level" value=""/>
    <property name="native.encoding" value="Cp1252"/>
    <property name="java.library.path" value="C:\Users\pratik singh\.jdks\openjdk-19.0.2\bin;C:\WINDOWS\Sun\Java\bin;C:\WINDOWS\system32;C:\WINDOWS;E:\python37\Scripts\;E:\python37\;E:\python\python3.9.0\Scripts\;E:\python\python3.9.0\;C:\Windows\system32;C:\Windows;C:\Windows\System32\Wbem;C:\Windows\System32\WindowsPowerShell\v1.0\;C:\Windows\System32\OpenSSH\;C:\Program Files (x86)\NVIDIA Corporation\PhysX\Common;C:\Program Files\NVIDIA Corporation\NVIDIA NvDLISR;E:\python\python3.9.0;C:\Program Files\Java\jdk1.8.0_271\bin;C:\WINDOWS\system32;C:\WINDOWS;C:\WINDOWS\System32\Wbem;C:\WINDOWS\System32\WindowsPowerShell\v1.0\;C:\WINDOWS\System32\OpenSSH\;C:\MinGW\bin;C:\Program Files (x86)\Git\cmd;C:\Program Files\dotnet\;C:\Program Files\Git\cmd;C:\Users\pratik singh\anaconda31;C:\Users\pratik singh\anaconda31\Library\mingw-w64\bin;C:\Users\pratik singh\anaconda31\Library\usr\bin;C:\Users\pratik singh\anaconda31\Library\bin;C:\Users\pratik singh\anaconda31\Scripts;C:\Users\pratik singh\AppData\Local\Microsoft\WindowsApps;C:\Users\pratik singh\AppData\Local\Programs\Microsoft VS Code\bin;C:\Program Files\JetBrains\IntelliJ IDEA Community Edition 2021.3.1\bin;;C:\msys64\mingw64\bin;C:\Program Files\sfdx\bin;C:\Windows\SysWOW64;;."/>
    <property name="java.vm.info" value="mixed mode, sharing"/>
    <property name="stderr.encoding" value="Cp1252"/>
    <property name="java.vendor" value="Oracle Corporation"/>
    <property name="java.vm.version" value="19.0.2+7-44"/>
    <property name="sun.io.unicode.encoding" value="UnicodeLittle"/>
    <property name="java.class.version" value="63.0"/>
  </properties>
  <testcase name="testArea{double, double, double, double, double, double, double}[1]" classname="com.epam.rd.autotasks.triangle.TriangleTest" time="0.033"/>
  <testcase name="testArea{double, double, double, double, double, double, double}[2]" classname="com.epam.rd.autotasks.triangle.TriangleTest" time="0"/>
  <testcase name="testArea{double, double, double, double, double, double, double}[3]" classname="com.epam.rd.autotasks.triangle.TriangleTest" time="0.001"/>
  <testcase name="testArea{double, double, double, double, double, double, double}[4]" classname="com.epam.rd.autotasks.triangle.TriangleTest" time="0.001"/>
  <testcase name="testArea{double, double, double, double, double, double, double}[5]" classname="com.epam.rd.autotasks.triangle.TriangleTest" time="0.001"/>
  <testcase name="testArea{double, double, double, double, double, double, double}[6]" classname="com.epam.rd.autotasks.triangle.TriangleTest" time="0.001"/>
  <testcase name="testArea{double, double, double, double, double, double, double}[7]" classname="com.epam.rd.autotasks.triangle.TriangleTest" time="0"/>
  <testcase name="testArea{double, double, double, double, double, double, double}[8]" classname="com.epam.rd.autotasks.triangle.TriangleTest" time="0"/>
  <testcase name="testArea{double, double, double, double, double, double, double}[9]" classname="com.epam.rd.autotasks.triangle.TriangleTest" time="0"/>
  <testcase name="testArea{double, double, double, double, double, double, double}[10]" classname="com.epam.rd.autotasks.triangle.TriangleTest" time="0"/>
  <testcase name="testArea{double, double, double, double, double, double, double}[11]" classname="com.epam.rd.autotasks.triangle.TriangleTest" time="0"/>
  <testcase name="testArea{double, double, double, double, double, double, double}[12]" classname="com.epam.rd.autotasks.triangle.TriangleTest" time="0"/>
  <testcase name="testCentroid{double, double, double, double, double, double, Point}[1]" classname="com.epam.rd.autotasks.triangle.TriangleTest" time="0.003"/>
  <testcase name="testCentroid{double, double, double, double, double, double, Point}[2]" classname="com.epam.rd.autotasks.triangle.TriangleTest" time="0"/>
  <testcase name="testCentroid{double, double, double, double, double, double, Point}[3]" classname="com.epam.rd.autotasks.triangle.TriangleTest" time="0"/>
  <testcase name="testCentroid{double, double, double, double, double, double, Point}[4]" classname="com.epam.rd.autotasks.triangle.TriangleTest" time="0"/>
  <testcase name="testCentroid{double, double, double, double, double, double, Point}[5]" classname="com.epam.rd.autotasks.triangle.TriangleTest" time="0"/>
  <testcase name="testCentroid{double, double, double, double, double, double, Point}[6]" classname="com.epam.rd.autotasks.triangle.TriangleTest" time="0"/>
  <testcase name="testCentroid{double, double, double, double, double, double, Point}[7]" classname="com.epam.rd.autotasks.triangle.TriangleTest" time="0.001"/>
  <testcase name="testCentroid{double, double, double, double, double, double, Point}[8]" classname="com.epam.rd.autotasks.triangle.TriangleTest" time="0.001"/>
  <testcase name="testCentroid{double, double, double, double, double, double, Point}[9]" classname="com.epam.rd.autotasks.triangle.TriangleTest" time="0"/>
  <testcase name="testCentroid{double, double, double, double, double, double, Point}[10]" classname="com.epam.rd.autotasks.triangle.TriangleTest" time="0.001"/>
  <testcase name="testCentroid{double, double, double, double, double, double, Point}[11]" classname="com.epam.rd.autotasks.triangle.TriangleTest" time="0"/>
  <testcase name="testCentroid{double, double, double, double, double, double, Point}[12]" classname="com.epam.rd.autotasks.triangle.TriangleTest" time="0"/>
  <testcase name="testConstructorDegenerative1" classname="com.epam.rd.autotasks.triangle.TriangleTest" time="0.002"/>
  <testcase name="testConstructorDegenerative2" classname="com.epam.rd.autotasks.triangle.TriangleTest" time="0.001"/>
  <testcase name="testConstructorDegenerative3" classname="com.epam.rd.autotasks.triangle.TriangleTest" time="0"/>
  <testcase name="testConstructorDegenerative4" classname="com.epam.rd.autotasks.triangle.TriangleTest" time="0.001"/>
  <testcase name="testConstructorNullACase" classname="com.epam.rd.autotasks.triangle.TriangleTest" time="0"/>
  <testcase name="testConstructorNullBCase" classname="com.epam.rd.autotasks.triangle.TriangleTest" time="0.001"/>
  <testcase name="testConstructorNullCCase" classname="com.epam.rd.autotasks.triangle.TriangleTest" time="0.001"/>
  <testcase name="testConstructor" classname="com.epam.rd.autotasks.triangle.TriangleTest" time="0"/>
</testsuite>